<?xml version="1.0" encoding="UTF-8"?>
<coverage generated="1631605642787" clover="3.2.0">
  <project timestamp="1631605642787" name="All files">
    <metrics statements="17" coveredstatements="17" conditionals="0" coveredconditionals="0" methods="7" coveredmethods="7" elements="24" coveredelements="24" complexity="0" loc="17" ncloc="17" packages="1" files="4" classes="4"/>
    <file name="Direction.js" path="F:\study\git-for-study\test\learn-jest\mars-rover\Direction.js">
      <metrics statements="1" coveredstatements="1" conditionals="0" coveredconditionals="0" methods="0" coveredmethods="0"/>
      <line num="6" count="1" type="stmt"/>
    </file>
    <file name="DirectionMap.js" path="F:\study\git-for-study\test\learn-jest\mars-rover\DirectionMap.js">
      <metrics statements="6" coveredstatements="6" conditionals="0" coveredconditionals="0" methods="2" coveredmethods="2"/>
      <line num="6" count="1" type="stmt"/>
      <line num="7" count="1" type="stmt"/>
      <line num="22" count="1" type="stmt"/>
      <line num="23" count="4" type="stmt"/>
      <line num="25" count="1" type="stmt"/>
      <line num="26" count="4" type="stmt"/>
    </file>
    <file name="MarsRover.js" path="F:\study\git-for-study\test\learn-jest\mars-rover\MarsRover.js">
      <metrics statements="7" coveredstatements="7" conditionals="0" coveredconditionals="0" methods="4" coveredmethods="4"/>
      <line num="6" count="1" type="stmt"/>
      <line num="7" count="1" type="stmt"/>
      <line num="9" count="9" type="stmt"/>
      <line num="10" count="9" type="stmt"/>
      <line num="13" count="9" type="stmt"/>
      <line num="22" count="4" type="stmt"/>
      <line num="25" count="4" type="stmt"/>
    </file>
    <file name="Position.js" path="F:\study\git-for-study\test\learn-jest\mars-rover\Position.js">
      <metrics statements="3" coveredstatements="3" conditionals="0" coveredconditionals="0" methods="1" coveredmethods="1"/>
      <line num="6" count="1" type="stmt"/>
      <line num="8" count="9" type="stmt"/>
      <line num="9" count="9" type="stmt"/>
    </file>
  </project>
</coverage>
