TN:
SF:Direction.js
FNF:0
FNH:0
DA:6,1
LF:1
LH:1
BRF:0
BRH:0
end_of_record
TN:
SF:DirectionMap.js
FN:22,(anonymous_0)
FN:25,(anonymous_1)
FNF:2
FNH:2
FNDA:4,(anonymous_0)
FNDA:4,(anonymous_1)
DA:6,1
DA:7,1
DA:22,1
DA:23,4
DA:25,1
DA:26,4
LF:6
LH:6
BRF:0
BRH:0
end_of_record
TN:
SF:MarsRover.js
FN:8,(anonymous_0)
FN:12,(anonymous_1)
FN:21,(anonymous_2)
FN:24,(anonymous_3)
FNF:4
FNH:4
FNDA:9,(anonymous_0)
FNDA:9,(anonymous_1)
FNDA:4,(anonymous_2)
FNDA:4,(anonymous_3)
DA:6,1
DA:7,1
DA:9,9
DA:10,9
DA:13,9
DA:22,4
DA:25,4
LF:7
LH:7
BRF:0
BRH:0
end_of_record
TN:
SF:Position.js
FN:7,(anonymous_0)
FNF:1
FNH:1
FNDA:9,(anonymous_0)
DA:6,1
DA:8,9
DA:9,9
LF:3
LH:3
BRF:0
BRH:0
end_of_record
